Using pre-set license
Built from '2020.3/staging' branch; Version is '2020.3.5f1 (8095aa901b9b) revision 8426922'; Using compiler version '192528614'; Build Type 'Release'
OS: 'Windows 10 Pro; OS build 19045.2965; Version 2009; 64bit' Language: 'en' Physical Memory: 16336 MB
BatchMode: 1, IsHumanControllingUs: 0, StartBugReporterOnCrash: 0, Is64bit: 1, IsPro: 0

 COMMAND LINE ARGUMENTS:
C:\Program Files\Unity\Hub\Editor\2020.3.5f1\Editor\Unity.exe
-adb2
-batchMode
-noUpm
-name
AssetImportWorker1
-projectPath
F:/Unity Projects/ITECH2001-PartC-ProjectTemplate/StudentID-GameName
-logFile
Logs/AssetImportWorker1.log
-srvPort
56367
Successfully changed project path to: F:/Unity Projects/ITECH2001-PartC-ProjectTemplate/StudentID-GameName
F:/Unity Projects/ITECH2001-PartC-ProjectTemplate/StudentID-GameName
Using Asset Import Pipeline V2.
Refreshing native plugins compatible for Editor in 61.55 ms, found 0 plugins.
Preloading 0 native plugins for Editor in 0.00 ms.
Initialize engine version: 2020.3.5f1 (8095aa901b9b)
[Subsystems] Discovering subsystems at path C:/Program Files/Unity/Hub/Editor/2020.3.5f1/Editor/Data/Resources/UnitySubsystems
[Subsystems] Discovering subsystems at path F:/Unity Projects/ITECH2001-PartC-ProjectTemplate/StudentID-GameName/Assets
GfxDevice: creating device client; threaded=0
Direct3D:
    Version:  Direct3D 11.0 [level 11.1]
    Renderer: NVIDIA GeForce RTX 3060 (ID=0x2504)
    Vendor:   
    VRAM:     12129 MB
    Driver:   31.0.15.3179
Initialize mono
Mono path[0] = 'C:/Program Files/Unity/Hub/Editor/2020.3.5f1/Editor/Data/Managed'
Mono path[1] = 'C:/Program Files/Unity/Hub/Editor/2020.3.5f1/Editor/Data/MonoBleedingEdge/lib/mono/unityjit'
Mono config path = 'C:/Program Files/Unity/Hub/Editor/2020.3.5f1/Editor/Data/MonoBleedingEdge/etc'
Using monoOptions --debugger-agent=transport=dt_socket,embedding=1,server=y,suspend=n,address=127.0.0.1:56892
Begin MonoManager ReloadAssembly
Registering precompiled unity dll's ...
Register platform support module: C:/Program Files/Unity/Hub/Editor/2020.3.5f1/Editor/Data/PlaybackEngines/WindowsStandaloneSupport/UnityEditor.WindowsStandalone.Extensions.dll
Registered in 0.002571 seconds.
Native extension for WindowsStandalone target not found
Refreshing native plugins compatible for Editor in 64.11 ms, found 0 plugins.
Preloading 0 native plugins for Editor in 0.00 ms.
Mono: successfully reloaded assembly
- Completed reload, in  1.301 seconds
Platform modules already initialized, skipping
Registering precompiled user dll's ...
Registered in 0.002025 seconds.
Begin MonoManager ReloadAssembly
Native extension for WindowsStandalone target not found
Refreshing native plugins compatible for Editor in 70.68 ms, found 0 plugins.
Preloading 0 native plugins for Editor in 0.00 ms.
Mono: successfully reloaded assembly
- Completed reload, in  1.326 seconds
Platform modules already initialized, skipping
========================================================================
Worker process is ready to serve import requests
Launched and connected shader compiler UnityShaderCompiler.exe after 0.09 seconds
Refreshing native plugins compatible for Editor in 0.73 ms, found 0 plugins.
Preloading 0 native plugins for Editor in 0.00 ms.
Unloading 1700 Unused Serialized files (Serialized files now loaded: 0)
System memory in use before: 170.9 MB.
System memory in use after: 171.0 MB.

Unloading 15 unused Assets to reduce memory usage. Loaded Objects now: 2184.
Total: 3.271400 ms (FindLiveObjects: 0.408200 ms CreateObjectMapping: 0.077600 ms MarkObjects: 2.459900 ms  DeleteObjects: 0.324200 ms)

========================================================================
Received Import Request.
  path: Assets/Unity Store Assets/Tree9/Tree9_2.prefab
  artifactKey: Guid(be878d9ea17907f4a8068678a5ce7908) Importer(815301076,1909f56bfc062723c751e8b465ee728b)
Start importing Assets/Unity Store Assets/Tree9/Tree9_2.prefab using Guid(be878d9ea17907f4a8068678a5ce7908) Importer(815301076,1909f56bfc062723c751e8b465ee728b)  -> (artifact id: '5dea82c312bf3f6806f1c0603a13ea92') in 0.931134 seconds
  Import took 1.048836 seconds .

========================================================================
Received Import Request.
  Time since last request: 5.075844 seconds.
  path: Assets/Unity Store Assets/Tree9/Tree9_2.prefab
  artifactKey: Guid(be878d9ea17907f4a8068678a5ce7908) Importer(815301076,1909f56bfc062723c751e8b465ee728b)
Start importing Assets/Unity Store Assets/Tree9/Tree9_2.prefab using Guid(be878d9ea17907f4a8068678a5ce7908) Importer(815301076,1909f56bfc062723c751e8b465ee728b)  -> (artifact id: 'b5b7c23d758ffa6d39203a5c3d27e809') in 0.063724 seconds
  Import took 0.206620 seconds .

========================================================================
Received Import Request.
  Time since last request: 3.413410 seconds.
  path: Assets/Unity Store Assets/Tree9/Tree9_2.prefab
  artifactKey: Guid(be878d9ea17907f4a8068678a5ce7908) Importer(815301076,1909f56bfc062723c751e8b465ee728b)
Start importing Assets/Unity Store Assets/Tree9/Tree9_2.prefab using Guid(be878d9ea17907f4a8068678a5ce7908) Importer(815301076,1909f56bfc062723c751e8b465ee728b)  -> (artifact id: 'b1691cb52e794432bb01e69ad429e8f0') in 0.035617 seconds
  Import took 0.039220 seconds .

========================================================================
Received Import Request.
  Time since last request: 3.417110 seconds.
  path: Assets/Unity Store Assets/Tree9/Tree9_2.prefab
  artifactKey: Guid(be878d9ea17907f4a8068678a5ce7908) Importer(815301076,1909f56bfc062723c751e8b465ee728b)
Start importing Assets/Unity Store Assets/Tree9/Tree9_2.prefab using Guid(be878d9ea17907f4a8068678a5ce7908) Importer(815301076,1909f56bfc062723c751e8b465ee728b)  -> (artifact id: 'b9b09870d946f05dff1cf080693c11f2') in 0.182447 seconds
  Import took 0.268045 seconds .

========================================================================
Received Import Request.
  Time since last request: 8.303617 seconds.
  path: Assets/Unity Store Assets/Tree9/Tree9_3.prefab
  artifactKey: Guid(8b2d47fdc2e25ac4f9721480a68bbefa) Importer(815301076,1909f56bfc062723c751e8b465ee728b)
Start importing Assets/Unity Store Assets/Tree9/Tree9_3.prefab using Guid(8b2d47fdc2e25ac4f9721480a68bbefa) Importer(815301076,1909f56bfc062723c751e8b465ee728b)  -> (artifact id: '93c84d3183014a9b2c1d8c5cacdcc14f') in 0.159522 seconds
  Import took 0.405236 seconds .

========================================================================
Received Import Request.
  Time since last request: 4.211236 seconds.
  path: Assets/Unity Store Assets/Tree9/Tree9_3.prefab
  artifactKey: Guid(8b2d47fdc2e25ac4f9721480a68bbefa) Importer(815301076,1909f56bfc062723c751e8b465ee728b)
Start importing Assets/Unity Store Assets/Tree9/Tree9_3.prefab using Guid(8b2d47fdc2e25ac4f9721480a68bbefa) Importer(815301076,1909f56bfc062723c751e8b465ee728b)  -> (artifact id: '791643e56a9cfe83b592f049571a14cb') in 0.051583 seconds
  Import took 0.272980 seconds .

========================================================================
Received Import Request.
  Time since last request: 4.005698 seconds.
  path: Assets/Unity Store Assets/Tree9/Tree9_3.prefab
  artifactKey: Guid(8b2d47fdc2e25ac4f9721480a68bbefa) Importer(815301076,1909f56bfc062723c751e8b465ee728b)
Start importing Assets/Unity Store Assets/Tree9/Tree9_3.prefab using Guid(8b2d47fdc2e25ac4f9721480a68bbefa) Importer(815301076,1909f56bfc062723c751e8b465ee728b)  -> (artifact id: '14ad329b521ea57679d27a063b071399') in 0.050132 seconds
  Import took 0.119638 seconds .

========================================================================
Received Import Request.
  Time since last request: 1.858637 seconds.
  path: Assets/Unity Store Assets/Tree9/Tree9_3.prefab
  artifactKey: Guid(8b2d47fdc2e25ac4f9721480a68bbefa) Importer(815301076,1909f56bfc062723c751e8b465ee728b)
Start importing Assets/Unity Store Assets/Tree9/Tree9_3.prefab using Guid(8b2d47fdc2e25ac4f9721480a68bbefa) Importer(815301076,1909f56bfc062723c751e8b465ee728b)  -> (artifact id: '627b15886aa15713f238786011c9ef4d') in 0.188235 seconds
  Import took 0.275262 seconds .

========================================================================
Received Import Request.
  Time since last request: 2.116117 seconds.
  path: Assets/Unity Store Assets/Tree9/Tree9_3.prefab
  artifactKey: Guid(8b2d47fdc2e25ac4f9721480a68bbefa) Importer(815301076,1909f56bfc062723c751e8b465ee728b)
Start importing Assets/Unity Store Assets/Tree9/Tree9_3.prefab using Guid(8b2d47fdc2e25ac4f9721480a68bbefa) Importer(815301076,1909f56bfc062723c751e8b465ee728b)  -> (artifact id: '9930557156c0001e35a4236090069d33') in 0.049075 seconds
  Import took 0.111494 seconds .

========================================================================
Received Import Request.
  Time since last request: 7.881722 seconds.
  path: Assets/Unity Store Assets/Tree9/Tree9_3.prefab
  artifactKey: Guid(8b2d47fdc2e25ac4f9721480a68bbefa) Importer(815301076,1909f56bfc062723c751e8b465ee728b)
Start importing Assets/Unity Store Assets/Tree9/Tree9_3.prefab using Guid(8b2d47fdc2e25ac4f9721480a68bbefa) Importer(815301076,1909f56bfc062723c751e8b465ee728b)  -> (artifact id: 'e12615cd0ace82bfc3fd8c9c7146d488') in 0.050024 seconds
  Import took 0.054660 seconds .

========================================================================
Received Import Request.
  Time since last request: 3.053682 seconds.
  path: Assets/Unity Store Assets/Tree9/Tree9_3.prefab
  artifactKey: Guid(8b2d47fdc2e25ac4f9721480a68bbefa) Importer(815301076,1909f56bfc062723c751e8b465ee728b)
Start importing Assets/Unity Store Assets/Tree9/Tree9_3.prefab using Guid(8b2d47fdc2e25ac4f9721480a68bbefa) Importer(815301076,1909f56bfc062723c751e8b465ee728b)  -> (artifact id: 'ffb8e304b357cd842a55f82828fe682b') in 0.041163 seconds
  Import took 0.044723 seconds .

========================================================================
Received Import Request.
  Time since last request: 4.914245 seconds.
  path: Assets/Unity Store Assets/Tree9/Tree9_3.prefab
  artifactKey: Guid(8b2d47fdc2e25ac4f9721480a68bbefa) Importer(815301076,1909f56bfc062723c751e8b465ee728b)
Start importing Assets/Unity Store Assets/Tree9/Tree9_3.prefab using Guid(8b2d47fdc2e25ac4f9721480a68bbefa) Importer(815301076,1909f56bfc062723c751e8b465ee728b)  -> (artifact id: 'fa6b739abea8b7fdbe89c5862208964e') in 0.038220 seconds
  Import took 0.151859 seconds .

========================================================================
Received Import Request.
  Time since last request: 5.920865 seconds.
  path: Assets/Unity Store Assets/Tree9/Tree9_3.prefab
  artifactKey: Guid(8b2d47fdc2e25ac4f9721480a68bbefa) Importer(815301076,1909f56bfc062723c751e8b465ee728b)
Start importing Assets/Unity Store Assets/Tree9/Tree9_3.prefab using Guid(8b2d47fdc2e25ac4f9721480a68bbefa) Importer(815301076,1909f56bfc062723c751e8b465ee728b)  -> (artifact id: '34ee70f47dccdf1108148f73f2551fc4') in 0.079071 seconds
  Import took 0.155153 seconds .

========================================================================
Received Import Request.
  Time since last request: 7.566833 seconds.
  path: Assets/Unity Store Assets/Tree9/Tree9_4.prefab
  artifactKey: Guid(956bd2acf7aae244dac8fc20cf57858d) Importer(815301076,1909f56bfc062723c751e8b465ee728b)
Start importing Assets/Unity Store Assets/Tree9/Tree9_4.prefab using Guid(956bd2acf7aae244dac8fc20cf57858d) Importer(815301076,1909f56bfc062723c751e8b465ee728b)  -> (artifact id: '205944d63908185903e4510105e1c70a') in 0.058507 seconds
  Import took 0.143883 seconds .

========================================================================
Received Import Request.
  Time since last request: 23.159241 seconds.
  path: Assets/Unity Store Assets/Tree9/Tree9_4.prefab
  artifactKey: Guid(956bd2acf7aae244dac8fc20cf57858d) Importer(815301076,1909f56bfc062723c751e8b465ee728b)
Start importing Assets/Unity Store Assets/Tree9/Tree9_4.prefab using Guid(956bd2acf7aae244dac8fc20cf57858d) Importer(815301076,1909f56bfc062723c751e8b465ee728b)  -> (artifact id: '4822563f0dd5e88aee5751ae7b5cf2bd') in 0.036417 seconds
  Import took 0.134200 seconds .

========================================================================
Received Import Request.
  Time since last request: 8.202448 seconds.
  path: Assets/Unity Store Assets/Tree9/Tree9_4.prefab
  artifactKey: Guid(956bd2acf7aae244dac8fc20cf57858d) Importer(815301076,1909f56bfc062723c751e8b465ee728b)
Start importing Assets/Unity Store Assets/Tree9/Tree9_4.prefab using Guid(956bd2acf7aae244dac8fc20cf57858d) Importer(815301076,1909f56bfc062723c751e8b465ee728b)  -> (artifact id: 'bc06c51795f6e9d542bc7faee49d763c') in 0.034820 seconds
  Import took 0.080921 seconds .

========================================================================
Received Import Request.
  Time since last request: 2.760864 seconds.
  path: Assets/Unity Store Assets/Tree9/Tree9_4.prefab
  artifactKey: Guid(956bd2acf7aae244dac8fc20cf57858d) Importer(815301076,1909f56bfc062723c751e8b465ee728b)
Start importing Assets/Unity Store Assets/Tree9/Tree9_4.prefab using Guid(956bd2acf7aae244dac8fc20cf57858d) Importer(815301076,1909f56bfc062723c751e8b465ee728b)  -> (artifact id: '119b5da6634279e87f58051710ffe8be') in 0.039648 seconds
  Import took 0.247923 seconds .

========================================================================
Received Import Request.
  Time since last request: 2.959586 seconds.
  path: Assets/Unity Store Assets/Tree9/Tree9_4.prefab
  artifactKey: Guid(956bd2acf7aae244dac8fc20cf57858d) Importer(815301076,1909f56bfc062723c751e8b465ee728b)
Start importing Assets/Unity Store Assets/Tree9/Tree9_4.prefab using Guid(956bd2acf7aae244dac8fc20cf57858d) Importer(815301076,1909f56bfc062723c751e8b465ee728b)  -> (artifact id: '870e820d70743b752a49f2b5d3729dd5') in 0.031337 seconds
  Import took 0.055603 seconds .

========================================================================
Received Import Request.
  Time since last request: 5.429274 seconds.
  path: Assets/Unity Store Assets/Tree9/Tree9_4.prefab
  artifactKey: Guid(956bd2acf7aae244dac8fc20cf57858d) Importer(815301076,1909f56bfc062723c751e8b465ee728b)
Start importing Assets/Unity Store Assets/Tree9/Tree9_4.prefab using Guid(956bd2acf7aae244dac8fc20cf57858d) Importer(815301076,1909f56bfc062723c751e8b465ee728b)  -> (artifact id: 'b82267cc52552bbee8968bbbec1aa223') in 0.037122 seconds
  Import took 0.157029 seconds .

========================================================================
Received Import Request.
  Time since last request: 2.350042 seconds.
  path: Assets/Unity Store Assets/Tree9/Tree9_4.prefab
  artifactKey: Guid(956bd2acf7aae244dac8fc20cf57858d) Importer(815301076,1909f56bfc062723c751e8b465ee728b)
Start importing Assets/Unity Store Assets/Tree9/Tree9_4.prefab using Guid(956bd2acf7aae244dac8fc20cf57858d) Importer(815301076,1909f56bfc062723c751e8b465ee728b)  -> (artifact id: 'fbee32bf37c41f8a1cc247fc2153aae3') in 0.089746 seconds
  Import took 0.227507 seconds .

========================================================================
Received Import Request.
  Time since last request: 2.755040 seconds.
  path: Assets/Unity Store Assets/Tree9/Tree9_4.prefab
  artifactKey: Guid(956bd2acf7aae244dac8fc20cf57858d) Importer(815301076,1909f56bfc062723c751e8b465ee728b)
Start importing Assets/Unity Store Assets/Tree9/Tree9_4.prefab using Guid(956bd2acf7aae244dac8fc20cf57858d) Importer(815301076,1909f56bfc062723c751e8b465ee728b)  -> (artifact id: 'b897d7ac0e5a6f100b1c6b539720f70d') in 0.034732 seconds
  Import took 0.095848 seconds .

========================================================================
Received Import Request.
  Time since last request: 6.617435 seconds.
  path: Assets/Unity Store Assets/Tree9/Tree9_4.prefab
  artifactKey: Guid(956bd2acf7aae244dac8fc20cf57858d) Importer(815301076,1909f56bfc062723c751e8b465ee728b)
Start importing Assets/Unity Store Assets/Tree9/Tree9_4.prefab using Guid(956bd2acf7aae244dac8fc20cf57858d) Importer(815301076,1909f56bfc062723c751e8b465ee728b)  -> (artifact id: 'c8fe9603749064352e90cdff60aa58b4') in 0.032697 seconds
  Import took 0.224943 seconds .

========================================================================
Received Import Request.
  Time since last request: 6.527500 seconds.
  path: Assets/Unity Store Assets/Tree9/Tree9_4.prefab
  artifactKey: Guid(956bd2acf7aae244dac8fc20cf57858d) Importer(815301076,1909f56bfc062723c751e8b465ee728b)
Start importing Assets/Unity Store Assets/Tree9/Tree9_4.prefab using Guid(956bd2acf7aae244dac8fc20cf57858d) Importer(815301076,1909f56bfc062723c751e8b465ee728b)  -> (artifact id: '34767f8056b4085e3862b1201e0b3819') in 0.032897 seconds
  Import took 0.072978 seconds .

========================================================================
Received Import Request.
  Time since last request: 9.921240 seconds.
  path: Assets/Unity Store Assets/Tree9/Tree9_5.prefab
  artifactKey: Guid(9b8fc966f95ea9c4194dc091fc40b478) Importer(815301076,1909f56bfc062723c751e8b465ee728b)
Start importing Assets/Unity Store Assets/Tree9/Tree9_5.prefab using Guid(9b8fc966f95ea9c4194dc091fc40b478) Importer(815301076,1909f56bfc062723c751e8b465ee728b)  -> (artifact id: '632672c3265a877dcc2f8c18d9173b13') in 0.130122 seconds
  Import took 0.268614 seconds .

========================================================================
Received Import Request.
  Time since last request: 8.817752 seconds.
  path: Assets/Unity Store Assets/Tree9/Tree9_5.prefab
  artifactKey: Guid(9b8fc966f95ea9c4194dc091fc40b478) Importer(815301076,1909f56bfc062723c751e8b465ee728b)
Start importing Assets/Unity Store Assets/Tree9/Tree9_5.prefab using Guid(9b8fc966f95ea9c4194dc091fc40b478) Importer(815301076,1909f56bfc062723c751e8b465ee728b)  -> (artifact id: '3280388b79767a9f0189c469c7a20251') in 0.049155 seconds
  Import took 0.203845 seconds .

========================================================================
Received Import Request.
  Time since last request: 2.188302 seconds.
  path: Assets/Unity Store Assets/Tree9/Tree9_5.prefab
  artifactKey: Guid(9b8fc966f95ea9c4194dc091fc40b478) Importer(815301076,1909f56bfc062723c751e8b465ee728b)
Start importing Assets/Unity Store Assets/Tree9/Tree9_5.prefab using Guid(9b8fc966f95ea9c4194dc091fc40b478) Importer(815301076,1909f56bfc062723c751e8b465ee728b)  -> (artifact id: '1fdf4136b96221000797c66ed6bdb703') in 0.036121 seconds
  Import took 0.039900 seconds .

========================================================================
Received Import Request.
  Time since last request: 3.119858 seconds.
  path: Assets/Unity Store Assets/Tree9/Tree9_5.prefab
  artifactKey: Guid(9b8fc966f95ea9c4194dc091fc40b478) Importer(815301076,1909f56bfc062723c751e8b465ee728b)
Start importing Assets/Unity Store Assets/Tree9/Tree9_5.prefab using Guid(9b8fc966f95ea9c4194dc091fc40b478) Importer(815301076,1909f56bfc062723c751e8b465ee728b)  -> (artifact id: '6e4575dbec3b01d469a931a831f1194b') in 0.049643 seconds
  Import took 0.127137 seconds .

========================================================================
Received Import Request.
  Time since last request: 11.320822 seconds.
  path: Assets/Unity Store Assets/Tree9/Tree9_5.prefab
  artifactKey: Guid(9b8fc966f95ea9c4194dc091fc40b478) Importer(815301076,1909f56bfc062723c751e8b465ee728b)
Start importing Assets/Unity Store Assets/Tree9/Tree9_5.prefab using Guid(9b8fc966f95ea9c4194dc091fc40b478) Importer(815301076,1909f56bfc062723c751e8b465ee728b)  -> (artifact id: '2025993d62024ccd9efdeb72eeee473e') in 0.049566 seconds
  Import took 0.120096 seconds .

========================================================================
Received Import Request.
  Time since last request: 3.343269 seconds.
  path: Assets/Unity Store Assets/Tree9/Tree9_5.prefab
  artifactKey: Guid(9b8fc966f95ea9c4194dc091fc40b478) Importer(815301076,1909f56bfc062723c751e8b465ee728b)
Start importing Assets/Unity Store Assets/Tree9/Tree9_5.prefab using Guid(9b8fc966f95ea9c4194dc091fc40b478) Importer(815301076,1909f56bfc062723c751e8b465ee728b)  -> (artifact id: 'f61fbc517a27bc2a3f5c2d5d5c6687da') in 0.038443 seconds
  Import took 0.135380 seconds .

========================================================================
Received Import Request.
  Time since last request: 3.473439 seconds.
  path: Assets/Unity Store Assets/Tree9/Tree9_5.prefab
  artifactKey: Guid(9b8fc966f95ea9c4194dc091fc40b478) Importer(815301076,1909f56bfc062723c751e8b465ee728b)
Start importing Assets/Unity Store Assets/Tree9/Tree9_5.prefab using Guid(9b8fc966f95ea9c4194dc091fc40b478) Importer(815301076,1909f56bfc062723c751e8b465ee728b)  -> (artifact id: 'd89dec8f36a6177668b84796c787ef70') in 0.034907 seconds
  Import took 0.233056 seconds .

========================================================================
Received Prepare
Registering precompiled user dll's ...
Registered in 0.002088 seconds.
Begin MonoManager ReloadAssembly
Native extension for WindowsStandalone target not found
Refreshing native plugins compatible for Editor in 0.67 ms, found 0 plugins.
Preloading 0 native plugins for Editor in 0.00 ms.
Mono: successfully reloaded assembly
- Completed reload, in  1.069 seconds
Platform modules already initialized, skipping
Refreshing native plugins compatible for Editor in 0.61 ms, found 0 plugins.
Preloading 0 native plugins for Editor in 0.00 ms.
Unloading 1670 Unused Serialized files (Serialized files now loaded: 0)
System memory in use before: 172.7 MB.
System memory in use after: 172.8 MB.

Unloading 8 unused Assets to reduce memory usage. Loaded Objects now: 2231.
Total: 2.206600 ms (FindLiveObjects: 0.233200 ms CreateObjectMapping: 0.043600 ms MarkObjects: 1.912200 ms  DeleteObjects: 0.015700 ms)

========================================================================
Received Import Request.
  Time since last request: 180.001858 seconds.
  path: Assets/Unity Store Assets/Tree9/Tree9_2.prefab
  artifactKey: Guid(be878d9ea17907f4a8068678a5ce7908) Importer(815301076,1909f56bfc062723c751e8b465ee728b)
Start importing Assets/Unity Store Assets/Tree9/Tree9_2.prefab using Guid(be878d9ea17907f4a8068678a5ce7908) Importer(815301076,1909f56bfc062723c751e8b465ee728b)  -> (artifact id: 'a13d80b5998b58758e92a3335bdfdd37') in 0.238598 seconds
  Import took 0.363201 seconds .

========================================================================
Received Prepare
Registering precompiled user dll's ...
Registered in 0.002031 seconds.
Begin MonoManager ReloadAssembly
Native extension for WindowsStandalone target not found
Refreshing native plugins compatible for Editor in 0.59 ms, found 0 plugins.
Preloading 0 native plugins for Editor in 0.00 ms.
Mono: successfully reloaded assembly
- Completed reload, in  1.084 seconds
Platform modules already initialized, skipping
Refreshing native plugins compatible for Editor in 0.67 ms, found 0 plugins.
Preloading 0 native plugins for Editor in 0.00 ms.
Unloading 1670 Unused Serialized files (Serialized files now loaded: 0)
System memory in use before: 172.7 MB.
System memory in use after: 172.8 MB.

Unloading 8 unused Assets to reduce memory usage. Loaded Objects now: 2235.
Total: 2.236800 ms (FindLiveObjects: 0.265300 ms CreateObjectMapping: 0.045500 ms MarkObjects: 1.908300 ms  DeleteObjects: 0.016400 ms)

========================================================================
Received Prepare
Registering precompiled user dll's ...
Registered in 0.002081 seconds.
Begin MonoManager ReloadAssembly
Native extension for WindowsStandalone target not found
Refreshing native plugins compatible for Editor in 0.63 ms, found 0 plugins.
Preloading 0 native plugins for Editor in 0.00 ms.
Mono: successfully reloaded assembly
- Completed reload, in  1.067 seconds
Platform modules already initialized, skipping
Refreshing native plugins compatible for Editor in 0.90 ms, found 0 plugins.
Preloading 0 native plugins for Editor in 0.00 ms.
Unloading 1670 Unused Serialized files (Serialized files now loaded: 0)
System memory in use before: 172.8 MB.
System memory in use after: 172.9 MB.

Unloading 8 unused Assets to reduce memory usage. Loaded Objects now: 2238.
Total: 2.643300 ms (FindLiveObjects: 0.330800 ms CreateObjectMapping: 0.046400 ms MarkObjects: 2.244400 ms  DeleteObjects: 0.019800 ms)

========================================================================
Received Prepare
Registering precompiled user dll's ...
Registered in 0.002112 seconds.
Begin MonoManager ReloadAssembly
Native extension for WindowsStandalone target not found
Refreshing native plugins compatible for Editor in 0.71 ms, found 0 plugins.
Preloading 0 native plugins for Editor in 0.00 ms.
Mono: successfully reloaded assembly
- Completed reload, in  1.086 seconds
Platform modules already initialized, skipping
Refreshing native plugins compatible for Editor in 0.62 ms, found 0 plugins.
Preloading 0 native plugins for Editor in 0.00 ms.
Unloading 1670 Unused Serialized files (Serialized files now loaded: 0)
System memory in use before: 172.8 MB.
System memory in use after: 172.9 MB.

Unloading 8 unused Assets to reduce memory usage. Loaded Objects now: 2241.
Total: 2.227500 ms (FindLiveObjects: 0.263300 ms CreateObjectMapping: 0.045200 ms MarkObjects: 1.902500 ms  DeleteObjects: 0.015100 ms)

========================================================================
Received Prepare
Registering precompiled user dll's ...
Registered in 0.002742 seconds.
Begin MonoManager ReloadAssembly
Native extension for WindowsStandalone target not found
Refreshing native plugins compatible for Editor in 0.59 ms, found 0 plugins.
Preloading 0 native plugins for Editor in 0.00 ms.
Mono: successfully reloaded assembly
- Completed reload, in  1.075 seconds
Platform modules already initialized, skipping
Refreshing native plugins compatible for Editor in 0.64 ms, found 0 plugins.
Preloading 0 native plugins for Editor in 0.00 ms.
Unloading 1670 Unused Serialized files (Serialized files now loaded: 0)
System memory in use before: 172.8 MB.
System memory in use after: 172.9 MB.

Unloading 8 unused Assets to reduce memory usage. Loaded Objects now: 2244.
Total: 2.263600 ms (FindLiveObjects: 0.236400 ms CreateObjectMapping: 0.046200 ms MarkObjects: 1.963800 ms  DeleteObjects: 0.016200 ms)

========================================================================
Received Prepare
Registering precompiled user dll's ...
Registered in 0.002061 seconds.
Begin MonoManager ReloadAssembly
Native extension for WindowsStandalone target not found
Refreshing native plugins compatible for Editor in 0.60 ms, found 0 plugins.
Preloading 0 native plugins for Editor in 0.00 ms.
Mono: successfully reloaded assembly
- Completed reload, in  1.080 seconds
Platform modules already initialized, skipping
Refreshing native plugins compatible for Editor in 0.61 ms, found 0 plugins.
Preloading 0 native plugins for Editor in 0.00 ms.
Unloading 1670 Unused Serialized files (Serialized files now loaded: 0)
System memory in use before: 172.8 MB.
System memory in use after: 172.9 MB.

Unloading 8 unused Assets to reduce memory usage. Loaded Objects now: 2247.
Total: 2.204300 ms (FindLiveObjects: 0.291000 ms CreateObjectMapping: 0.045100 ms MarkObjects: 1.852900 ms  DeleteObjects: 0.013700 ms)

========================================================================
Received Prepare
Registering precompiled user dll's ...
Registered in 0.002107 seconds.
Begin MonoManager ReloadAssembly
Native extension for WindowsStandalone target not found
Refreshing native plugins compatible for Editor in 0.59 ms, found 0 plugins.
Preloading 0 native plugins for Editor in 0.00 ms.
Mono: successfully reloaded assembly
- Completed reload, in  1.042 seconds
Platform modules already initialized, skipping
Refreshing native plugins compatible for Editor in 0.62 ms, found 0 plugins.
Preloading 0 native plugins for Editor in 0.00 ms.
Unloading 1670 Unused Serialized files (Serialized files now loaded: 0)
System memory in use before: 172.8 MB.
System memory in use after: 172.9 MB.

Unloading 8 unused Assets to reduce memory usage. Loaded Objects now: 2250.
Total: 2.201500 ms (FindLiveObjects: 0.243300 ms CreateObjectMapping: 0.045700 ms MarkObjects: 1.896100 ms  DeleteObjects: 0.015300 ms)

========================================================================
Received Prepare
Registering precompiled user dll's ...
Registered in 0.002047 seconds.
Begin MonoManager ReloadAssembly
Native extension for WindowsStandalone target not found
Refreshing native plugins compatible for Editor in 0.65 ms, found 0 plugins.
Preloading 0 native plugins for Editor in 0.00 ms.
Mono: successfully reloaded assembly
- Completed reload, in  1.057 seconds
Platform modules already initialized, skipping
Refreshing native plugins compatible for Editor in 0.62 ms, found 0 plugins.
Preloading 0 native plugins for Editor in 0.00 ms.
Unloading 1670 Unused Serialized files (Serialized files now loaded: 0)
System memory in use before: 172.8 MB.
System memory in use after: 172.9 MB.

Unloading 8 unused Assets to reduce memory usage. Loaded Objects now: 2253.
Total: 2.273800 ms (FindLiveObjects: 0.241300 ms CreateObjectMapping: 0.042900 ms MarkObjects: 1.972000 ms  DeleteObjects: 0.016600 ms)

========================================================================
Received Prepare
Registering precompiled user dll's ...
Registered in 0.002746 seconds.
Begin MonoManager ReloadAssembly
Native extension for WindowsStandalone target not found
Refreshing native plugins compatible for Editor in 0.61 ms, found 0 plugins.
Preloading 0 native plugins for Editor in 0.00 ms.
Mono: successfully reloaded assembly
- Completed reload, in  1.058 seconds
Platform modules already initialized, skipping
Refreshing native plugins compatible for Editor in 0.72 ms, found 0 plugins.
Preloading 0 native plugins for Editor in 0.00 ms.
Unloading 1670 Unused Serialized files (Serialized files now loaded: 0)
System memory in use before: 172.8 MB.
System memory in use after: 172.9 MB.

Unloading 8 unused Assets to reduce memory usage. Loaded Objects now: 2256.
Total: 2.273100 ms (FindLiveObjects: 0.290300 ms CreateObjectMapping: 0.049300 ms MarkObjects: 1.915900 ms  DeleteObjects: 0.016500 ms)

========================================================================
Received Import Request.
  Time since last request: 2708.571521 seconds.
  path: ProjectSettings/TagManager.asset
  artifactKey: Guid(00000000000000003000000000000000) Importer(815301076,1909f56bfc062723c751e8b465ee728b)
Start importing ProjectSettings/TagManager.asset using Guid(00000000000000003000000000000000) Importer(815301076,1909f56bfc062723c751e8b465ee728b)  -> (artifact id: 'c12bae65f4d68e4b0fc36edb9e78b1a0') in 0.026307 seconds
  Import took 0.190828 seconds .

========================================================================
Received Prepare
Registering precompiled user dll's ...
Registered in 0.002099 seconds.
Begin MonoManager ReloadAssembly
Native extension for WindowsStandalone target not found
Refreshing native plugins compatible for Editor in 0.61 ms, found 0 plugins.
Preloading 0 native plugins for Editor in 0.00 ms.
Mono: successfully reloaded assembly
- Completed reload, in  1.089 seconds
Platform modules already initialized, skipping
Refreshing native plugins compatible for Editor in 0.63 ms, found 0 plugins.
Preloading 0 native plugins for Editor in 0.00 ms.
Unloading 1670 Unused Serialized files (Serialized files now loaded: 0)
System memory in use before: 172.8 MB.
System memory in use after: 172.9 MB.

Unloading 9 unused Assets to reduce memory usage. Loaded Objects now: 2259.
Total: 2.311200 ms (FindLiveObjects: 0.220000 ms CreateObjectMapping: 0.042300 ms MarkObjects: 2.028300 ms  DeleteObjects: 0.018700 ms)

========================================================================
Received Prepare
Registering precompiled user dll's ...
Registered in 0.002016 seconds.
Begin MonoManager ReloadAssembly
Native extension for WindowsStandalone target not found
Refreshing native plugins compatible for Editor in 0.66 ms, found 0 plugins.
Preloading 0 native plugins for Editor in 0.00 ms.
Mono: successfully reloaded assembly
- Completed reload, in  1.068 seconds
Platform modules already initialized, skipping
Refreshing native plugins compatible for Editor in 0.65 ms, found 0 plugins.
Preloading 0 native plugins for Editor in 0.00 ms.
Unloading 1670 Unused Serialized files (Serialized files now loaded: 0)
System memory in use before: 172.8 MB.
System memory in use after: 172.9 MB.

Unloading 8 unused Assets to reduce memory usage. Loaded Objects now: 2262.
Total: 2.551400 ms (FindLiveObjects: 0.393400 ms CreateObjectMapping: 0.048400 ms MarkObjects: 2.088100 ms  DeleteObjects: 0.019300 ms)

========================================================================
Received Prepare
Registering precompiled user dll's ...
Registered in 0.002292 seconds.
Begin MonoManager ReloadAssembly
Native extension for WindowsStandalone target not found
Refreshing native plugins compatible for Editor in 0.66 ms, found 0 plugins.
Preloading 0 native plugins for Editor in 0.00 ms.
Mono: successfully reloaded assembly
- Completed reload, in  1.083 seconds
Platform modules already initialized, skipping
Refreshing native plugins compatible for Editor in 0.66 ms, found 0 plugins.
Preloading 0 native plugins for Editor in 0.00 ms.
Unloading 1670 Unused Serialized files (Serialized files now loaded: 0)
System memory in use before: 172.8 MB.
System memory in use after: 172.9 MB.

Unloading 8 unused Assets to reduce memory usage. Loaded Objects now: 2265.
Total: 2.114900 ms (FindLiveObjects: 0.213000 ms CreateObjectMapping: 0.047600 ms MarkObjects: 1.838300 ms  DeleteObjects: 0.014800 ms)

========================================================================
Received Prepare
Registering precompiled user dll's ...
Registered in 0.004274 seconds.
Begin MonoManager ReloadAssembly
Native extension for WindowsStandalone target not found
Refreshing native plugins compatible for Editor in 0.70 ms, found 0 plugins.
Preloading 0 native plugins for Editor in 0.00 ms.
Mono: successfully reloaded assembly
- Completed reload, in  1.102 seconds
Platform modules already initialized, skipping
Refreshing native plugins compatible for Editor in 0.71 ms, found 0 plugins.
Preloading 0 native plugins for Editor in 0.00 ms.
Unloading 1670 Unused Serialized files (Serialized files now loaded: 0)
System memory in use before: 172.8 MB.
System memory in use after: 173.0 MB.

Unloading 8 unused Assets to reduce memory usage. Loaded Objects now: 2268.
Total: 2.820300 ms (FindLiveObjects: 0.305900 ms CreateObjectMapping: 0.048600 ms MarkObjects: 2.443200 ms  DeleteObjects: 0.021300 ms)

========================================================================
Received Prepare
Registering precompiled user dll's ...
Registered in 0.002073 seconds.
Begin MonoManager ReloadAssembly
Native extension for WindowsStandalone target not found
Refreshing native plugins compatible for Editor in 0.60 ms, found 0 plugins.
Preloading 0 native plugins for Editor in 0.00 ms.
Mono: successfully reloaded assembly
- Completed reload, in  1.067 seconds
Platform modules already initialized, skipping
Refreshing native plugins compatible for Editor in 0.62 ms, found 0 plugins.
Preloading 0 native plugins for Editor in 0.00 ms.
Unloading 1670 Unused Serialized files (Serialized files now loaded: 0)
System memory in use before: 172.8 MB.
System memory in use after: 173.0 MB.

Unloading 8 unused Assets to reduce memory usage. Loaded Objects now: 2271.
Total: 2.143000 ms (FindLiveObjects: 0.231400 ms CreateObjectMapping: 0.043000 ms MarkObjects: 1.852600 ms  DeleteObjects: 0.015000 ms)

========================================================================
Received Prepare
Registering precompiled user dll's ...
Registered in 0.002162 seconds.
Begin MonoManager ReloadAssembly
Native extension for WindowsStandalone target not found
Refreshing native plugins compatible for Editor in 0.66 ms, found 0 plugins.
Preloading 0 native plugins for Editor in 0.00 ms.
Mono: successfully reloaded assembly
- Completed reload, in  1.036 seconds
Platform modules already initialized, skipping
Refreshing native plugins compatible for Editor in 1.09 ms, found 0 plugins.
Preloading 0 native plugins for Editor in 0.00 ms.
Unloading 1670 Unused Serialized files (Serialized files now loaded: 0)
System memory in use before: 172.9 MB.
System memory in use after: 173.1 MB.

Unloading 8 unused Assets to reduce memory usage. Loaded Objects now: 2274.
Total: 2.367200 ms (FindLiveObjects: 0.369900 ms CreateObjectMapping: 0.048100 ms MarkObjects: 1.930200 ms  DeleteObjects: 0.016900 ms)

========================================================================
Received Prepare
Registering precompiled user dll's ...
Registered in 0.002014 seconds.
Begin MonoManager ReloadAssembly
Native extension for WindowsStandalone target not found
Refreshing native plugins compatible for Editor in 0.62 ms, found 0 plugins.
Preloading 0 native plugins for Editor in 0.00 ms.
Mono: successfully reloaded assembly
- Completed reload, in  1.043 seconds
Platform modules already initialized, skipping
Refreshing native plugins compatible for Editor in 0.74 ms, found 0 plugins.
Preloading 0 native plugins for Editor in 0.00 ms.
Unloading 1670 Unused Serialized files (Serialized files now loaded: 0)
System memory in use before: 172.9 MB.
System memory in use after: 173.1 MB.

Unloading 8 unused Assets to reduce memory usage. Loaded Objects now: 2277.
Total: 3.092200 ms (FindLiveObjects: 0.339400 ms CreateObjectMapping: 0.048500 ms MarkObjects: 2.681000 ms  DeleteObjects: 0.021200 ms)

========================================================================
Received Prepare
Registering precompiled user dll's ...
Registered in 0.002344 seconds.
Begin MonoManager ReloadAssembly
Native extension for WindowsStandalone target not found
Refreshing native plugins compatible for Editor in 0.62 ms, found 0 plugins.
Preloading 0 native plugins for Editor in 0.00 ms.
Mono: successfully reloaded assembly
- Completed reload, in  1.063 seconds
Platform modules already initialized, skipping
Refreshing native plugins compatible for Editor in 0.66 ms, found 0 plugins.
Preloading 0 native plugins for Editor in 0.00 ms.
Unloading 1670 Unused Serialized files (Serialized files now loaded: 0)
System memory in use before: 173.0 MB.
System memory in use after: 173.1 MB.

Unloading 8 unused Assets to reduce memory usage. Loaded Objects now: 2280.
Total: 2.854600 ms (FindLiveObjects: 0.393300 ms CreateObjectMapping: 0.053100 ms MarkObjects: 2.384700 ms  DeleteObjects: 0.021900 ms)

========================================================================
Received Prepare
Registering precompiled user dll's ...
Registered in 0.002613 seconds.
Begin MonoManager ReloadAssembly
Native extension for WindowsStandalone target not found
Refreshing native plugins compatible for Editor in 0.63 ms, found 0 plugins.
Preloading 0 native plugins for Editor in 0.00 ms.
Mono: successfully reloaded assembly
- Completed reload, in  1.066 seconds
Platform modules already initialized, skipping
Refreshing native plugins compatible for Editor in 0.61 ms, found 0 plugins.
Preloading 0 native plugins for Editor in 0.00 ms.
Unloading 1670 Unused Serialized files (Serialized files now loaded: 0)
System memory in use before: 173.0 MB.
System memory in use after: 173.1 MB.

Unloading 8 unused Assets to reduce memory usage. Loaded Objects now: 2283.
Total: 2.160400 ms (FindLiveObjects: 0.227800 ms CreateObjectMapping: 0.042400 ms MarkObjects: 1.874700 ms  DeleteObjects: 0.014400 ms)

========================================================================
Received Prepare
Registering precompiled user dll's ...
Registered in 0.002162 seconds.
Begin MonoManager ReloadAssembly
Native extension for WindowsStandalone target not found
Refreshing native plugins compatible for Editor in 0.60 ms, found 0 plugins.
Preloading 0 native plugins for Editor in 0.00 ms.
Mono: successfully reloaded assembly
- Completed reload, in  1.050 seconds
Platform modules already initialized, skipping
Refreshing native plugins compatible for Editor in 1.14 ms, found 0 plugins.
Preloading 0 native plugins for Editor in 0.00 ms.
Unloading 1670 Unused Serialized files (Serialized files now loaded: 0)
System memory in use before: 173.0 MB.
System memory in use after: 173.1 MB.

Unloading 8 unused Assets to reduce memory usage. Loaded Objects now: 2286.
Total: 2.526800 ms (FindLiveObjects: 0.239000 ms CreateObjectMapping: 0.048100 ms MarkObjects: 2.219700 ms  DeleteObjects: 0.018000 ms)

========================================================================
Received Prepare
Registering precompiled user dll's ...
Registered in 0.002140 seconds.
Begin MonoManager ReloadAssembly
Native extension for WindowsStandalone target not found
Refreshing native plugins compatible for Editor in 0.63 ms, found 0 plugins.
Preloading 0 native plugins for Editor in 0.00 ms.
Mono: successfully reloaded assembly
- Completed reload, in  1.035 seconds
Platform modules already initialized, skipping
Refreshing native plugins compatible for Editor in 0.67 ms, found 0 plugins.
Preloading 0 native plugins for Editor in 0.00 ms.
Unloading 1670 Unused Serialized files (Serialized files now loaded: 0)
System memory in use before: 173.0 MB.
System memory in use after: 173.1 MB.

Unloading 8 unused Assets to reduce memory usage. Loaded Objects now: 2289.
Total: 2.468200 ms (FindLiveObjects: 0.265500 ms CreateObjectMapping: 0.047700 ms MarkObjects: 2.133400 ms  DeleteObjects: 0.020100 ms)

========================================================================
Received Prepare
Registering precompiled user dll's ...
Registered in 0.002124 seconds.
Begin MonoManager ReloadAssembly
Native extension for WindowsStandalone target not found
Refreshing native plugins compatible for Editor in 1.00 ms, found 0 plugins.
Preloading 0 native plugins for Editor in 0.00 ms.
Mono: successfully reloaded assembly
- Completed reload, in  1.083 seconds
Platform modules already initialized, skipping
Refreshing native plugins compatible for Editor in 0.76 ms, found 0 plugins.
Preloading 0 native plugins for Editor in 0.00 ms.
Unloading 1670 Unused Serialized files (Serialized files now loaded: 0)
System memory in use before: 173.0 MB.
System memory in use after: 173.1 MB.

Unloading 8 unused Assets to reduce memory usage. Loaded Objects now: 2292.
Total: 2.994500 ms (FindLiveObjects: 0.241900 ms CreateObjectMapping: 0.078700 ms MarkObjects: 2.649300 ms  DeleteObjects: 0.023300 ms)

========================================================================
Received Prepare
Registering precompiled user dll's ...
Registered in 0.002187 seconds.
Begin MonoManager ReloadAssembly
Native extension for WindowsStandalone target not found
Refreshing native plugins compatible for Editor in 0.70 ms, found 0 plugins.
Preloading 0 native plugins for Editor in 0.00 ms.
Mono: successfully reloaded assembly
- Completed reload, in  1.073 seconds
Platform modules already initialized, skipping
Refreshing native plugins compatible for Editor in 0.69 ms, found 0 plugins.
Preloading 0 native plugins for Editor in 0.00 ms.
Unloading 1670 Unused Serialized files (Serialized files now loaded: 0)
System memory in use before: 173.0 MB.
System memory in use after: 173.1 MB.

Unloading 8 unused Assets to reduce memory usage. Loaded Objects now: 2295.
Total: 2.587400 ms (FindLiveObjects: 0.417000 ms CreateObjectMapping: 0.100600 ms MarkObjects: 2.049200 ms  DeleteObjects: 0.019000 ms)

========================================================================
Received Prepare
Registering precompiled user dll's ...
Registered in 0.002117 seconds.
Begin MonoManager ReloadAssembly
Native extension for WindowsStandalone target not found
Refreshing native plugins compatible for Editor in 1.23 ms, found 0 plugins.
Preloading 0 native plugins for Editor in 0.00 ms.
Mono: successfully reloaded assembly
- Completed reload, in  1.067 seconds
Platform modules already initialized, skipping
Refreshing native plugins compatible for Editor in 0.60 ms, found 0 plugins.
Preloading 0 native plugins for Editor in 0.00 ms.
Unloading 1670 Unused Serialized files (Serialized files now loaded: 0)
System memory in use before: 173.0 MB.
System memory in use after: 173.1 MB.

Unloading 8 unused Assets to reduce memory usage. Loaded Objects now: 2298.
Total: 2.388800 ms (FindLiveObjects: 0.245100 ms CreateObjectMapping: 0.047400 ms MarkObjects: 2.075600 ms  DeleteObjects: 0.019600 ms)

========================================================================
Received Prepare
Registering precompiled user dll's ...
Registered in 0.002077 seconds.
Begin MonoManager ReloadAssembly
Native extension for WindowsStandalone target not found
Refreshing native plugins compatible for Editor in 0.62 ms, found 0 plugins.
Preloading 0 native plugins for Editor in 0.00 ms.
Mono: successfully reloaded assembly
- Completed reload, in  1.042 seconds
Platform modules already initialized, skipping
Refreshing native plugins compatible for Editor in 0.64 ms, found 0 plugins.
Preloading 0 native plugins for Editor in 0.00 ms.
Unloading 1670 Unused Serialized files (Serialized files now loaded: 0)
System memory in use before: 173.0 MB.
System memory in use after: 173.1 MB.

Unloading 8 unused Assets to reduce memory usage. Loaded Objects now: 2301.
Total: 2.370100 ms (FindLiveObjects: 0.251000 ms CreateObjectMapping: 0.044100 ms MarkObjects: 2.055600 ms  DeleteObjects: 0.018300 ms)

========================================================================
Received Prepare
Registering precompiled user dll's ...
Registered in 0.002425 seconds.
Begin MonoManager ReloadAssembly
Native extension for WindowsStandalone target not found
Refreshing native plugins compatible for Editor in 0.60 ms, found 0 plugins.
Preloading 0 native plugins for Editor in 0.00 ms.
Mono: successfully reloaded assembly
- Completed reload, in  1.060 seconds
Platform modules already initialized, skipping
Refreshing native plugins compatible for Editor in 0.62 ms, found 0 plugins.
Preloading 0 native plugins for Editor in 0.00 ms.
Unloading 1670 Unused Serialized files (Serialized files now loaded: 0)
System memory in use before: 173.0 MB.
System memory in use after: 173.1 MB.

Unloading 8 unused Assets to reduce memory usage. Loaded Objects now: 2304.
Total: 2.566100 ms (FindLiveObjects: 0.266200 ms CreateObjectMapping: 0.049300 ms MarkObjects: 2.228600 ms  DeleteObjects: 0.020000 ms)

========================================================================
Received Import Request.
  Time since last request: 1610.982101 seconds.
  path: Assets/Prefabs/NestedParent_Unpack.prefab
  artifactKey: Guid(9d5d616dc438e924dbd290ef742ccc7d) Importer(815301076,1909f56bfc062723c751e8b465ee728b)
Start importing Assets/Prefabs/NestedParent_Unpack.prefab using Guid(9d5d616dc438e924dbd290ef742ccc7d) Importer(815301076,1909f56bfc062723c751e8b465ee728b)  -> (artifact id: '8639c9b5057a9fbe28206b1fb24fe7b8') in 2.928783 seconds
  Import took 3.123636 seconds .

========================================================================
Received Import Request.
  Time since last request: 0.000283 seconds.
  path: Assets/Prefabs/New Terrain.asset
  artifactKey: Guid(5f208ee8c9c8fe7409b40e013d05315a) Importer(815301076,1909f56bfc062723c751e8b465ee728b)
Start importing Assets/Prefabs/New Terrain.asset using Guid(5f208ee8c9c8fe7409b40e013d05315a) Importer(815301076,1909f56bfc062723c751e8b465ee728b) The tree EA_Plant_01b_Default couldn't be instanced because the prefab contains no valid mesh renderer.

The tree EA_Plant_01d_Default couldn't be instanced because the prefab contains no valid mesh renderer.

The tree EA_Clif_01d_Default couldn't be instanced because the prefab contains no valid mesh renderer.

The tree EA_Plant_01e_Default couldn't be instanced because the prefab contains no valid mesh renderer.

The tree Tree9_Leaf must use the Nature/Soft Occlusion shader. Otherwise billboarding/lighting will not work correctly.

The tree Stone_2 must use the Nature/Soft Occlusion shader. Otherwise billboarding/lighting will not work correctly.

The tree Stone_5 must use the Nature/Soft Occlusion shader. Otherwise billboarding/lighting will not work correctly.

The tree Stone_4 must use the Nature/Soft Occlusion shader. Otherwise billboarding/lighting will not work correctly.

The tree Stone_3 must use the Nature/Soft Occlusion shader. Otherwise billboarding/lighting will not work correctly.

The tree Stone_1 must use the Nature/Soft Occlusion shader. Otherwise billboarding/lighting will not work correctly.

The tree LongGrass must use the Nature/Soft Occlusion shader. Otherwise billboarding/lighting will not work correctly.

The tree CrystalCluster1 must use the Nature/Soft Occlusion shader. Otherwise billboarding/lighting will not work correctly.

The tree Dandelion must use the Nature/Soft Occlusion shader. Otherwise billboarding/lighting will not work correctly.

The tree RockMedium must use the Nature/Soft Occlusion shader. Otherwise billboarding/lighting will not work correctly.

The tree CrystalCluster3 must use the Nature/Soft Occlusion shader. Otherwise billboarding/lighting will not work correctly.

The tree Rock must use the Nature/Soft Occlusion shader. Otherwise billboarding/lighting will not work correctly.

The tree Bush_Falling must use the Nature/Soft Occlusion shader. Otherwise billboarding/lighting will not work correctly.

The tree Bush_Green must use the Nature/Soft Occlusion shader. Otherwise billboarding/lighting will not work correctly.

The tree Bonfire_D_to_Cook couldn't be instanced because the prefab contains no valid mesh renderer.

The tree Tree_Old must use the Nature/Soft Occlusion shader. Otherwise billboarding/lighting will not work correctly.

The tree Thorn_Group_02 must use the Nature/Soft Occlusion shader. Otherwise billboarding/lighting will not work correctly.

The tree Stake_B must use the Nature/Soft Occlusion shader. Otherwise billboarding/lighting will not work correctly.

The tree Banner_A_(2)_Banner_War_Wood_Alone must use the Nature/Soft Occlusion shader. Otherwise billboarding/lighting will not work correctly.

The tree Banner_D_(1)_Banner_War_Flag_B couldn't be instanced because the prefab contains no valid mesh renderer.

 -> (artifact id: '7c47085ebc10db242cdc69b0888bbdb0') in 8.194289 seconds
  Import took 8.279030 seconds .

========================================================================
Received Import Request.
  Time since last request: 0.000224 seconds.
  path: Assets/Prefabs/NestedParent_Unpack.prefab
  artifactKey: Guid(9d5d616dc438e924dbd290ef742ccc7d) Importer(815301076,1909f56bfc062723c751e8b465ee728b)
Start importing Assets/Prefabs/NestedParent_Unpack.prefab using Guid(9d5d616dc438e924dbd290ef742ccc7d) Importer(815301076,1909f56bfc062723c751e8b465ee728b)  -> (artifact id: '8639c9b5057a9fbe28206b1fb24fe7b8') in 0.082124 seconds
  Import took 0.087423 seconds .

========================================================================
Received Import Request.
  Time since last request: 0.000232 seconds.
  path: Assets/Prefabs/New Terrain 1.asset
  artifactKey: Guid(79f19fc8c8031d44b8fbfea3962cf520) Importer(815301076,1909f56bfc062723c751e8b465ee728b)
Start importing Assets/Prefabs/New Terrain 1.asset using Guid(79f19fc8c8031d44b8fbfea3962cf520) Importer(815301076,1909f56bfc062723c751e8b465ee728b) The tree Stone_4 must use the Nature/Soft Occlusion shader. Otherwise billboarding/lighting will not work correctly.

 -> (artifact id: 'eda8c5da9b23742ba3e3fce585eba70a') in 0.029411 seconds
  Import took 0.184320 seconds .

========================================================================
Received Prepare
Registering precompiled user dll's ...
Registered in 0.002502 seconds.
Begin MonoManager ReloadAssembly
Native extension for WindowsStandalone target not found
Refreshing native plugins compatible for Editor in 0.92 ms, found 0 plugins.
Preloading 0 native plugins for Editor in 0.00 ms.
Mono: successfully reloaded assembly
- Completed reload, in  1.046 seconds
Platform modules already initialized, skipping
Refreshing native plugins compatible for Editor in 0.66 ms, found 0 plugins.
Preloading 0 native plugins for Editor in 0.00 ms.
Unloading 1670 Unused Serialized files (Serialized files now loaded: 0)
System memory in use before: 173.2 MB.
System memory in use after: 173.4 MB.

Unloading 8 unused Assets to reduce memory usage. Loaded Objects now: 2310.
Total: 2.247500 ms (FindLiveObjects: 0.239300 ms CreateObjectMapping: 0.044000 ms MarkObjects: 1.946500 ms  DeleteObjects: 0.016500 ms)

========================================================================
Received Import Request.
  Time since last request: 127.401336 seconds.
  path: Assets/Scenes/MainScene.unity
  artifactKey: Guid(6a70fdb0dba419b4392dad8c9b647125) Importer(815301076,1909f56bfc062723c751e8b465ee728b)
Start importing Assets/Scenes/MainScene.unity using Guid(6a70fdb0dba419b4392dad8c9b647125) Importer(815301076,1909f56bfc062723c751e8b465ee728b)  -> (artifact id: '0d66e04def078b6898918192fd9230dd') in 0.032753 seconds
  Import took 0.036599 seconds .

========================================================================
Received Prepare
Refreshing native plugins compatible for Editor in 1.76 ms, found 0 plugins.
Preloading 0 native plugins for Editor in 0.00 ms.
Unloading 5 Unused Serialized files (Serialized files now loaded: 0)
System memory in use before: 140.2 MB.
System memory in use after: 140.3 MB.

Unloading 5 unused Assets to reduce memory usage. Loaded Objects now: 2310.
Total: 3.178300 ms (FindLiveObjects: 0.419500 ms CreateObjectMapping: 0.057900 ms MarkObjects: 2.683800 ms  DeleteObjects: 0.015600 ms)

========================================================================
Received Prepare
Refreshing native plugins compatible for Editor in 2.03 ms, found 0 plugins.
Preloading 0 native plugins for Editor in 0.00 ms.
Unloading 5 Unused Serialized files (Serialized files now loaded: 0)
System memory in use before: 141.9 MB.
System memory in use after: 142.0 MB.

Unloading 5 unused Assets to reduce memory usage. Loaded Objects now: 2310.
Total: 4.865500 ms (FindLiveObjects: 0.358700 ms CreateObjectMapping: 0.067500 ms MarkObjects: 4.416500 ms  DeleteObjects: 0.019800 ms)

========================================================================
Received Prepare
Registering precompiled user dll's ...
Registered in 0.002880 seconds.
Begin MonoManager ReloadAssembly
Native extension for WindowsStandalone target not found
Refreshing native plugins compatible for Editor in 0.85 ms, found 0 plugins.
Preloading 0 native plugins for Editor in 0.00 ms.
Mono: successfully reloaded assembly
- Completed reload, in 31.119 seconds
Platform modules already initialized, skipping
Refreshing native plugins compatible for Editor in 0.81 ms, found 0 plugins.
Preloading 0 native plugins for Editor in 0.00 ms.
Unloading 1670 Unused Serialized files (Serialized files now loaded: 0)
System memory in use before: 175.0 MB.
System memory in use after: 175.1 MB.

Unloading 8 unused Assets to reduce memory usage. Loaded Objects now: 2313.
Total: 5.680300 ms (FindLiveObjects: 0.350000 ms CreateObjectMapping: 0.047000 ms MarkObjects: 5.236800 ms  DeleteObjects: 0.042600 ms)

========================================================================
Received Prepare
Refreshing native plugins compatible for Editor in 232.45 ms, found 0 plugins.
Preloading 0 native plugins for Editor in 0.00 ms.
Unloading 5 Unused Serialized files (Serialized files now loaded: 0)
System memory in use before: 141.9 MB.
System memory in use after: 142.0 MB.

Unloading 5 unused Assets to reduce memory usage. Loaded Objects now: 2313.
Total: 2.672500 ms (FindLiveObjects: 0.243200 ms CreateObjectMapping: 0.045100 ms MarkObjects: 2.365400 ms  DeleteObjects: 0.017500 ms)

========================================================================
Received Import Request.
  Time since last request: 5699.259195 seconds.
  path: Assets/Prefabs/NestedParent_Unpack.prefab
  artifactKey: Guid(9d5d616dc438e924dbd290ef742ccc7d) Importer(815301076,1909f56bfc062723c751e8b465ee728b)
Start importing Assets/Prefabs/NestedParent_Unpack.prefab using Guid(9d5d616dc438e924dbd290ef742ccc7d) Importer(815301076,1909f56bfc062723c751e8b465ee728b)  -> (artifact id: 'c16a5fa969d28836994d2ef3ec7ec885') in 4.048168 seconds
  Import took 4.595469 seconds .

AssetImportWorkerClient::OnTransportError - code=2 error=End of file
